{
  "stats": {
    "suites": 1,
    "tests": 1,
    "passes": 1,
    "pending": 0,
    "failures": 0,
    "start": "2018-05-06T11:03:00.828Z",
    "end": "2018-05-06T11:03:00.893Z",
    "duration": 65,
    "testsRegistered": 1,
    "passPercent": 100,
    "pendingPercent": 0,
    "other": 0,
    "hasOther": false,
    "skipped": 0,
    "hasSkipped": false,
    "passPercentClass": "success",
    "pendingPercentClass": "danger"
  },
  "suites": {
    "uuid": "35144aaf-adf5-4da1-b02c-afa7db402b38",
    "title": "",
    "fullFile": "",
    "file": "",
    "beforeHooks": [],
    "afterHooks": [],
    "tests": [],
    "suites": [
      {
        "uuid": "a55d084f-9e82-4d04-9b5c-7376b0fbbc6e",
        "title": "测试接口路由",
        "fullFile": "/home/wy/study/praise3/build/test/server.js",
        "file": "/build/test/server.js",
        "beforeHooks": [],
        "afterHooks": [],
        "tests": [
          {
            "title": "点赞",
            "fullTitle": "测试接口路由 点赞",
            "timedOut": false,
            "duration": 59,
            "state": "passed",
            "speed": "medium",
            "pass": true,
            "fail": false,
            "pending": false,
            "code": "request().get('/index/update').expect(200)\n// 如果使用.end()方法，失败的.expect()断言若将不会抛出\n// 它们会以一个error的形式返回断言到.end()的callback\n.end(function (err, res) {\n    if (err) return done(err);\n    done();\n});",
            "err": {},
            "isRoot": false,
            "uuid": "e51aeacf-ff1c-4f31-91cf-98f745c48b76",
            "isHook": false,
            "skipped": false
          }
        ],
        "suites": [],
        "passes": [
          "e51aeacf-ff1c-4f31-91cf-98f745c48b76"
        ],
        "failures": [],
        "pending": [],
        "skipped": [],
        "duration": 59,
        "root": false,
        "rootEmpty": false,
        "_timeout": 2000
      }
    ],
    "passes": [],
    "failures": [],
    "pending": [],
    "skipped": [],
    "duration": 0,
    "root": true,
    "rootEmpty": true,
    "_timeout": 2000
  },
  "copyrightYear": 2018
}